<?xml version="1.0" encoding="UTF-8"?>
<!-- Generated by org.testng.reporters.JUnitReportReporter -->
<testsuite hostname="DESKTOP-8QNP8NE" failures="0" tests="3" name="CarritoTest" time="45.181" errors="0" timestamp="2022-12-19T13:09:11 CET" skipped="0">
  <testcase classname="CarritoTest" name="runScenario" time="11.908"/>
  <system-out/>
  <testcase classname="CarritoTest" name="runScenario" time="21.127"/>
  <system-out/>
  <testcase classname="CarritoTest" name="runScenario" time="12.146"/>
  <system-out/>
</testsuite> <!-- CarritoTest -->
