<?xml version="1.0" encoding="UTF-8"?>
<!-- Generated by org.testng.reporters.JUnitReportReporter -->
<testsuite hostname="DESKTOP-8QNP8NE" failures="0" tests="3" name="CarritoTest" time="44.330" errors="0" timestamp="2022-12-17T18:55:18 CET" skipped="0">
  <testcase classname="CarritoTest" name="runScenario" time="11.748"/>
  <system-out/>
  <testcase classname="CarritoTest" name="runScenario" time="12.049"/>
  <system-out/>
  <testcase classname="CarritoTest" name="runScenario" time="20.533"/>
  <system-out/>
</testsuite> <!-- CarritoTest -->
