<?xml version="1.0" encoding="UTF-8"?>
<!-- Generated by org.testng.reporters.JUnitReportReporter -->
<testsuite hostname="DESKTOP-8QNP8NE" failures="0" tests="35" name="TestRunner" time="353.111" errors="0" timestamp="2022-12-19T12:37:20 CET" skipped="0">
  <testcase classname="TestRunner" name="runScenario" time="14.578"/>
  <system-out/>
  <testcase classname="TestRunner" name="runScenario" time="14.627"/>
  <system-out/>
  <testcase classname="TestRunner" name="runScenario" time="9.686"/>
  <system-out/>
  <testcase classname="TestRunner" name="runScenario" time="7.296"/>
  <system-out/>
  <testcase classname="TestRunner" name="runScenario" time="7.886"/>
  <system-out/>
  <testcase classname="TestRunner" name="runScenario" time="7.919"/>
  <system-out/>
  <testcase classname="TestRunner" name="runScenario" time="8.290"/>
  <system-out/>
  <testcase classname="TestRunner" name="runScenario" time="7.643"/>
  <system-out/>
  <testcase classname="TestRunner" name="runScenario" time="10.692"/>
  <system-out/>
  <testcase classname="TestRunner" name="runScenario" time="8.298"/>
  <system-out/>
  <testcase classname="TestRunner" name="runScenario" time="10.711"/>
  <system-out/>
  <testcase classname="TestRunner" name="runScenario" time="19.009"/>
  <system-out/>
  <testcase classname="TestRunner" name="runScenario" time="9.815"/>
  <system-out/>
  <testcase classname="TestRunner" name="runScenario" time="6.592"/>
  <system-out/>
  <testcase classname="TestRunner" name="runScenario" time="7.937"/>
  <system-out/>
  <testcase classname="TestRunner" name="runScenario" time="10.085"/>
  <system-out/>
  <testcase classname="TestRunner" name="runScenario" time="8.762"/>
  <system-out/>
  <testcase classname="TestRunner" name="runScenario" time="18.705"/>
  <system-out/>
  <testcase classname="TestRunner" name="runScenario" time="7.044"/>
  <system-out/>
  <testcase classname="TestRunner" name="runScenario" time="22.668"/>
  <system-out/>
  <testcase classname="TestRunner" name="runScenario" time="9.765"/>
  <system-out/>
  <testcase classname="TestRunner" name="runScenario" time="6.261"/>
  <system-out/>
  <testcase classname="TestRunner" name="runScenario" time="9.239"/>
  <system-out/>
  <testcase classname="TestRunner" name="runScenario" time="9.302"/>
  <system-out/>
  <testcase classname="TestRunner" name="runScenario" time="18.347"/>
  <system-out/>
  <testcase classname="TestRunner" name="runScenario" time="10.596"/>
  <system-out/>
  <testcase classname="TestRunner" name="runScenario" time="8.274"/>
  <system-out/>
  <testcase classname="TestRunner" name="runScenario" time="4.354"/>
  <system-out/>
  <testcase classname="TestRunner" name="runScenario" time="7.772"/>
  <system-out/>
  <testcase classname="TestRunner" name="runScenario" time="4.975"/>
  <system-out/>
  <testcase classname="TestRunner" name="runScenario" time="8.558"/>
  <system-out/>
  <testcase classname="TestRunner" name="runScenario" time="6.919"/>
  <system-out/>
  <testcase classname="TestRunner" name="runScenario" time="7.713"/>
  <system-out/>
  <testcase classname="TestRunner" name="runScenario" time="4.613"/>
  <system-out/>
  <testcase classname="TestRunner" name="runScenario" time="18.180"/>
  <system-out/>
</testsuite> <!-- TestRunner -->
