<?xml version="1.0" encoding="UTF-8"?>
<!-- Generated by org.testng.reporters.JUnitReportReporter -->
<testsuite hostname="DESKTOP-8QNP8NE" failures="0" tests="3" name="HomeTest" time="22.415" errors="0" timestamp="2022-12-19T12:53:39 CET" skipped="0">
  <testcase classname="HomeTest" name="runScenario" time="9.338"/>
  <system-out/>
  <testcase classname="HomeTest" name="runScenario" time="8.932"/>
  <system-out/>
  <testcase classname="HomeTest" name="runScenario" time="4.145"/>
  <system-out/>
</testsuite> <!-- HomeTest -->
