<?xml version="1.0" encoding="UTF-8"?>
<!-- Generated by org.testng.reporters.JUnitReportReporter -->
<testsuite hostname="DESKTOP-8QNP8NE" failures="0" tests="4" name="LoginTest" time="42.120" errors="0" timestamp="2022-12-17T12:10:44 CET" skipped="0">
  <testcase classname="LoginTest" name="runScenario" time="10.628"/>
  <system-out/>
  <testcase classname="LoginTest" name="runScenario" time="6.505"/>
  <system-out/>
  <testcase classname="LoginTest" name="runScenario" time="19.648"/>
  <system-out/>
  <testcase classname="LoginTest" name="runScenario" time="5.339"/>
  <system-out/>
</testsuite> <!-- LoginTest -->
