<?xml version="1.0" encoding="UTF-8"?>
<!-- Generated by org.testng.reporters.JUnitReportReporter -->
<testsuite hostname="DESKTOP-8QNP8NE" failures="0" tests="2" name="RegisterTest" time="26.802" errors="0" timestamp="2022-12-14T17:45:48 CET" skipped="0">
  <testcase classname="RegisterTest" name="runScenario" time="22.141"/>
  <system-out/>
  <testcase classname="RegisterTest" name="runScenario" time="4.661"/>
  <system-out/>
</testsuite> <!-- RegisterTest -->
