<?xml version="1.0" encoding="UTF-8"?>
<!-- Generated by org.testng.reporters.JUnitReportReporter -->
<testsuite hostname="DESKTOP-8QNP8NE" failures="0" tests="38" name="TestRunner" time="418.171" errors="0" timestamp="2022-12-19T16:12:48 CET" skipped="0">
  <testcase classname="TestRunner" name="runScenario" time="10.001"/>
  <system-out/>
  <testcase classname="TestRunner" name="runScenario" time="5.239"/>
  <system-out/>
  <testcase classname="TestRunner" name="runScenario" time="11.845"/>
  <system-out/>
  <testcase classname="TestRunner" name="runScenario" time="4.937"/>
  <system-out/>
  <testcase classname="TestRunner" name="runScenario" time="9.761"/>
  <system-out/>
  <testcase classname="TestRunner" name="runScenario" time="7.821"/>
  <system-out/>
  <testcase classname="TestRunner" name="runScenario" time="16.863"/>
  <system-out/>
  <testcase classname="TestRunner" name="runScenario" time="6.544"/>
  <system-out/>
  <testcase classname="TestRunner" name="runScenario" time="13.662"/>
  <system-out/>
  <testcase classname="TestRunner" name="runScenario" time="16.772"/>
  <system-out/>
  <testcase classname="TestRunner" name="runScenario" time="5.709"/>
  <system-out/>
  <testcase classname="TestRunner" name="runScenario" time="6.305"/>
  <system-out/>
  <testcase classname="TestRunner" name="runScenario" time="6.419"/>
  <system-out/>
  <testcase classname="TestRunner" name="runScenario" time="5.818"/>
  <system-out/>
  <testcase classname="TestRunner" name="runScenario" time="8.021"/>
  <system-out/>
  <testcase classname="TestRunner" name="runScenario" time="19.450"/>
  <system-out/>
  <testcase classname="TestRunner" name="runScenario" time="11.338"/>
  <system-out/>
  <testcase classname="TestRunner" name="runScenario" time="6.093"/>
  <system-out/>
  <testcase classname="TestRunner" name="runScenario" time="21.657"/>
  <system-out/>
  <testcase classname="TestRunner" name="runScenario" time="7.100"/>
  <system-out/>
  <testcase classname="TestRunner" name="runScenario" time="9.448"/>
  <system-out/>
  <testcase classname="TestRunner" name="runScenario" time="14.379"/>
  <system-out/>
  <testcase classname="TestRunner" name="runScenario" time="17.911"/>
  <system-out/>
  <testcase classname="TestRunner" name="runScenario" time="5.425"/>
  <system-out/>
  <testcase classname="TestRunner" name="runScenario" time="15.118"/>
  <system-out/>
  <testcase classname="TestRunner" name="runScenario" time="10.212"/>
  <system-out/>
  <testcase classname="TestRunner" name="runScenario" time="9.935"/>
  <system-out/>
  <testcase classname="TestRunner" name="runScenario" time="5.533"/>
  <system-out/>
  <testcase classname="TestRunner" name="runScenario" time="10.641"/>
  <system-out/>
  <testcase classname="TestRunner" name="runScenario" time="10.567"/>
  <system-out/>
  <testcase classname="TestRunner" name="runScenario" time="15.890"/>
  <system-out/>
  <testcase classname="TestRunner" name="runScenario" time="13.568"/>
  <system-out/>
  <testcase classname="TestRunner" name="runScenario" time="13.932"/>
  <system-out/>
  <testcase classname="TestRunner" name="runScenario" time="9.578"/>
  <system-out/>
  <testcase classname="TestRunner" name="runScenario" time="28.482"/>
  <system-out/>
  <testcase classname="TestRunner" name="runScenario" time="11.039"/>
  <system-out/>
  <testcase classname="TestRunner" name="runScenario" time="6.266"/>
  <system-out/>
  <testcase classname="TestRunner" name="runScenario" time="8.892"/>
  <system-out/>
</testsuite> <!-- TestRunner -->
