<?xml version="1.0" encoding="UTF-8"?>
<!-- Generated by org.testng.reporters.JUnitReportReporter -->
<testsuite hostname="DESKTOP-8QNP8NE" failures="0" tests="35" name="TestRunner" time="332.880" errors="0" timestamp="2022-12-17T20:46:55 CET" skipped="0">
  <testcase classname="TestRunner" name="runScenario" time="7.370"/>
  <system-out/>
  <testcase classname="TestRunner" name="runScenario" time="5.586"/>
  <system-out/>
  <testcase classname="TestRunner" name="runScenario" time="9.220"/>
  <system-out/>
  <testcase classname="TestRunner" name="runScenario" time="10.584"/>
  <system-out/>
  <testcase classname="TestRunner" name="runScenario" time="6.073"/>
  <system-out/>
  <testcase classname="TestRunner" name="runScenario" time="6.103"/>
  <system-out/>
  <testcase classname="TestRunner" name="runScenario" time="7.687"/>
  <system-out/>
  <testcase classname="TestRunner" name="runScenario" time="6.746"/>
  <system-out/>
  <testcase classname="TestRunner" name="runScenario" time="13.141"/>
  <system-out/>
  <testcase classname="TestRunner" name="runScenario" time="6.617"/>
  <system-out/>
  <testcase classname="TestRunner" name="runScenario" time="9.249"/>
  <system-out/>
  <testcase classname="TestRunner" name="runScenario" time="10.295"/>
  <system-out/>
  <testcase classname="TestRunner" name="runScenario" time="8.727"/>
  <system-out/>
  <testcase classname="TestRunner" name="runScenario" time="5.704"/>
  <system-out/>
  <testcase classname="TestRunner" name="runScenario" time="6.696"/>
  <system-out/>
  <testcase classname="TestRunner" name="runScenario" time="8.780"/>
  <system-out/>
  <testcase classname="TestRunner" name="runScenario" time="18.090"/>
  <system-out/>
  <testcase classname="TestRunner" name="runScenario" time="6.476"/>
  <system-out/>
  <testcase classname="TestRunner" name="runScenario" time="7.939"/>
  <system-out/>
  <testcase classname="TestRunner" name="runScenario" time="9.773"/>
  <system-out/>
  <testcase classname="TestRunner" name="runScenario" time="7.897"/>
  <system-out/>
  <testcase classname="TestRunner" name="runScenario" time="6.714"/>
  <system-out/>
  <testcase classname="TestRunner" name="runScenario" time="6.803"/>
  <system-out/>
  <testcase classname="TestRunner" name="runScenario" time="18.333"/>
  <system-out/>
  <testcase classname="TestRunner" name="runScenario" time="7.688"/>
  <system-out/>
  <testcase classname="TestRunner" name="runScenario" time="10.847"/>
  <system-out/>
  <testcase classname="TestRunner" name="runScenario" time="3.925"/>
  <system-out/>
  <testcase classname="TestRunner" name="runScenario" time="4.754"/>
  <system-out/>
  <testcase classname="TestRunner" name="runScenario" time="9.064"/>
  <system-out/>
  <testcase classname="TestRunner" name="runScenario" time="7.392"/>
  <system-out/>
  <testcase classname="TestRunner" name="runScenario" time="32.835"/>
  <system-out/>
  <testcase classname="TestRunner" name="runScenario" time="9.657"/>
  <system-out/>
  <testcase classname="TestRunner" name="runScenario" time="11.823"/>
  <system-out/>
  <testcase classname="TestRunner" name="runScenario" time="9.661"/>
  <system-out/>
  <testcase classname="TestRunner" name="runScenario" time="14.631"/>
  <system-out/>
</testsuite> <!-- TestRunner -->
