<?xml version="1.0" encoding="UTF-8"?>
<!-- Generated by org.testng.reporters.JUnitReportReporter -->
<testsuite hostname="DESKTOP-8QNP8NE" failures="0" tests="3" name="RegisterTest" time="27.209" errors="0" timestamp="2022-12-17T22:06:34 CET" skipped="0">
  <testcase classname="RegisterTest" name="runScenario" time="6.438"/>
  <system-out/>
  <testcase classname="RegisterTest" name="runScenario" time="6.374"/>
  <system-out/>
  <testcase classname="RegisterTest" name="runScenario" time="14.397"/>
  <system-out/>
</testsuite> <!-- RegisterTest -->
