<?xml version="1.0" encoding="UTF-8"?>
<!-- Generated by org.testng.reporters.JUnitReportReporter -->
<testsuite hostname="DESKTOP-8QNP8NE" failures="0" tests="3" name="ProducteInfoTest" time="39.812" errors="0" timestamp="2022-12-19T15:56:31 CET" skipped="0">
  <testcase classname="ProducteInfoTest" name="runScenario" time="22.560"/>
  <system-out/>
  <testcase classname="ProducteInfoTest" name="runScenario" time="10.350"/>
  <system-out/>
  <testcase classname="ProducteInfoTest" name="runScenario" time="6.902"/>
  <system-out/>
</testsuite> <!-- ProducteInfoTest -->
