<?xml version="1.0" encoding="UTF-8"?>
<!-- Generated by org.testng.reporters.JUnitReportReporter -->
<testsuite hostname="DESKTOP-8QNP8NE" failures="0" tests="3" name="HomeTest" time="31.823" errors="0" timestamp="2022-12-17T20:38:36 CET" skipped="0">
  <testcase classname="HomeTest" name="runScenario" time="6.892"/>
  <system-out/>
  <testcase classname="HomeTest" name="runScenario" time="15.402"/>
  <system-out/>
  <testcase classname="HomeTest" name="runScenario" time="9.529"/>
  <system-out/>
</testsuite> <!-- HomeTest -->
