<?xml version="1.0" encoding="UTF-8"?>
<!-- Generated by org.testng.reporters.JUnitReportReporter -->
<testsuite hostname="DESKTOP-8QNP8NE" failures="0" tests="31" name="TestRunner" time="294.401" errors="0" timestamp="2022-12-17T19:16:35 CET" skipped="0">
  <testcase classname="TestRunner" name="runScenario" time="9.816"/>
  <system-out/>
  <testcase classname="TestRunner" name="runScenario" time="14.078"/>
  <system-out/>
  <testcase classname="TestRunner" name="runScenario" time="8.581"/>
  <system-out/>
  <testcase classname="TestRunner" name="runScenario" time="7.675"/>
  <system-out/>
  <testcase classname="TestRunner" name="runScenario" time="9.728"/>
  <system-out/>
  <testcase classname="TestRunner" name="runScenario" time="4.816"/>
  <system-out/>
  <testcase classname="TestRunner" name="runScenario" time="11.602"/>
  <system-out/>
  <testcase classname="TestRunner" name="runScenario" time="8.437"/>
  <system-out/>
  <testcase classname="TestRunner" name="runScenario" time="7.355"/>
  <system-out/>
  <testcase classname="TestRunner" name="runScenario" time="8.332"/>
  <system-out/>
  <testcase classname="TestRunner" name="runScenario" time="8.146"/>
  <system-out/>
  <testcase classname="TestRunner" name="runScenario" time="8.703"/>
  <system-out/>
  <testcase classname="TestRunner" name="runScenario" time="5.085"/>
  <system-out/>
  <testcase classname="TestRunner" name="runScenario" time="12.071"/>
  <system-out/>
  <testcase classname="TestRunner" name="runScenario" time="10.332"/>
  <system-out/>
  <testcase classname="TestRunner" name="runScenario" time="10.413"/>
  <system-out/>
  <testcase classname="TestRunner" name="runScenario" time="6.772"/>
  <system-out/>
  <testcase classname="TestRunner" name="runScenario" time="6.766"/>
  <system-out/>
  <testcase classname="TestRunner" name="runScenario" time="10.233"/>
  <system-out/>
  <testcase classname="TestRunner" name="runScenario" time="8.359"/>
  <system-out/>
  <testcase classname="TestRunner" name="runScenario" time="5.064"/>
  <system-out/>
  <testcase classname="TestRunner" name="runScenario" time="8.339"/>
  <system-out/>
  <testcase classname="TestRunner" name="runScenario" time="8.985"/>
  <system-out/>
  <testcase classname="TestRunner" name="runScenario" time="14.204"/>
  <system-out/>
  <testcase classname="TestRunner" name="runScenario" time="9.342"/>
  <system-out/>
  <testcase classname="TestRunner" name="runScenario" time="8.344"/>
  <system-out/>
  <testcase classname="TestRunner" name="runScenario" time="14.684"/>
  <system-out/>
  <testcase classname="TestRunner" name="runScenario" time="5.478"/>
  <system-out/>
  <testcase classname="TestRunner" name="runScenario" time="22.597"/>
  <system-out/>
  <testcase classname="TestRunner" name="runScenario" time="12.315"/>
  <system-out/>
  <testcase classname="TestRunner" name="runScenario" time="7.749"/>
  <system-out/>
</testsuite> <!-- TestRunner -->
