<?xml version="1.0" encoding="UTF-8"?>
<!-- Generated by org.testng.reporters.JUnitReportReporter -->
<testsuite hostname="DESKTOP-8QNP8NE" failures="0" tests="3" name="RegisterTest" time="27.770" errors="0" timestamp="2022-12-17T14:00:38 CET" skipped="0">
  <testcase classname="RegisterTest" name="runScenario" time="7.682"/>
  <system-out/>
  <testcase classname="RegisterTest" name="runScenario" time="6.403"/>
  <system-out/>
  <testcase classname="RegisterTest" name="runScenario" time="13.685"/>
  <system-out/>
</testsuite> <!-- RegisterTest -->
