<?xml version="1.0" encoding="UTF-8"?>
<!-- Generated by org.testng.reporters.JUnitReportReporter -->
<testsuite hostname="DESKTOP-8QNP8NE" failures="0" tests="1" name="ProductTest" time="16.984" errors="0" timestamp="2022-12-17T19:11:30 CET" skipped="0">
  <testcase classname="ProductTest" name="runScenario" time="16.984"/>
  <system-out/>
</testsuite> <!-- ProductTest -->
