<?xml version="1.0" encoding="UTF-8"?>
<!-- Generated by org.testng.reporters.JUnitReportReporter -->
<testsuite hostname="DESKTOP-8QNP8NE" failures="0" tests="38" name="TestRunner" time="342.265" errors="0" timestamp="2022-12-19T16:02:20 CET" skipped="0">
  <testcase classname="TestRunner" name="runScenario" time="10.132"/>
  <system-out/>
  <testcase classname="TestRunner" name="runScenario" time="3.904"/>
  <system-out/>
  <testcase classname="TestRunner" name="runScenario" time="9.453"/>
  <system-out/>
  <testcase classname="TestRunner" name="runScenario" time="4.494"/>
  <system-out/>
  <testcase classname="TestRunner" name="runScenario" time="13.585"/>
  <system-out/>
  <testcase classname="TestRunner" name="runScenario" time="8.117"/>
  <system-out/>
  <testcase classname="TestRunner" name="runScenario" time="14.336"/>
  <system-out/>
  <testcase classname="TestRunner" name="runScenario" time="4.014"/>
  <system-out/>
  <testcase classname="TestRunner" name="runScenario" time="8.182"/>
  <system-out/>
  <testcase classname="TestRunner" name="runScenario" time="10.619"/>
  <system-out/>
  <testcase classname="TestRunner" name="runScenario" time="5.055"/>
  <system-out/>
  <testcase classname="TestRunner" name="runScenario" time="6.936"/>
  <system-out/>
  <testcase classname="TestRunner" name="runScenario" time="7.016"/>
  <system-out/>
  <testcase classname="TestRunner" name="runScenario" time="6.887"/>
  <system-out/>
  <testcase classname="TestRunner" name="runScenario" time="6.383"/>
  <system-out/>
  <testcase classname="TestRunner" name="runScenario" time="8.279"/>
  <system-out/>
  <testcase classname="TestRunner" name="runScenario" time="13.177"/>
  <system-out/>
  <testcase classname="TestRunner" name="runScenario" time="6.939"/>
  <system-out/>
  <testcase classname="TestRunner" name="runScenario" time="15.262"/>
  <system-out/>
  <testcase classname="TestRunner" name="runScenario" time="8.207"/>
  <system-out/>
  <testcase classname="TestRunner" name="runScenario" time="6.540"/>
  <system-out/>
  <testcase classname="TestRunner" name="runScenario" time="9.032"/>
  <system-out/>
  <testcase classname="TestRunner" name="runScenario" time="10.227"/>
  <system-out/>
  <testcase classname="TestRunner" name="runScenario" time="5.778"/>
  <system-out/>
  <testcase classname="TestRunner" name="runScenario" time="12.592"/>
  <system-out/>
  <testcase classname="TestRunner" name="runScenario" time="6.490"/>
  <system-out/>
  <testcase classname="TestRunner" name="runScenario" time="13.503"/>
  <system-out/>
  <testcase classname="TestRunner" name="runScenario" time="5.330"/>
  <system-out/>
  <testcase classname="TestRunner" name="runScenario" time="5.628"/>
  <system-out/>
  <testcase classname="TestRunner" name="runScenario" time="10.090"/>
  <system-out/>
  <testcase classname="TestRunner" name="runScenario" time="5.325"/>
  <system-out/>
  <testcase classname="TestRunner" name="runScenario" time="9.709"/>
  <system-out/>
  <testcase classname="TestRunner" name="runScenario" time="8.926"/>
  <system-out/>
  <testcase classname="TestRunner" name="runScenario" time="10.447"/>
  <system-out/>
  <testcase classname="TestRunner" name="runScenario" time="25.433"/>
  <system-out/>
  <testcase classname="TestRunner" name="runScenario" time="6.579"/>
  <system-out/>
  <testcase classname="TestRunner" name="runScenario" time="4.374"/>
  <system-out/>
  <testcase classname="TestRunner" name="runScenario" time="15.285"/>
  <system-out/>
</testsuite> <!-- TestRunner -->
