<?xml version="1.0" encoding="UTF-8"?>
<!-- Generated by org.testng.reporters.JUnitReportReporter -->
<testsuite hostname="DESKTOP-8QNP8NE" failures="0" tests="1" name="CheckoutTest" time="25.999" errors="0" timestamp="2022-12-17T20:02:12 CET" skipped="0">
  <testcase classname="CheckoutTest" name="runScenario" time="25.999"/>
  <system-out/>
</testsuite> <!-- CheckoutTest -->
