<?xml version="1.0" encoding="UTF-8"?>
<!-- Generated by org.testng.reporters.JUnitReportReporter -->
<testsuite hostname="DESKTOP-8QNP8NE" failures="0" tests="2" name="RegisterTest" time="23.949" errors="0" timestamp="2022-12-14T15:40:07 CET" skipped="0">
  <testcase classname="RegisterTest" name="runScenario" time="7.898"/>
  <system-out/>
  <testcase classname="RegisterTest" name="runScenario" time="16.051"/>
  <system-out/>
</testsuite> <!-- RegisterTest -->
