<?xml version="1.0" encoding="UTF-8"?>
<!-- Generated by org.testng.reporters.JUnitReportReporter -->
<testsuite hostname="DESKTOP-8QNP8NE" failures="0" tests="32" name="TestRunner" time="299.210" errors="0" timestamp="2022-12-17T20:09:32 CET" skipped="0">
  <testcase classname="TestRunner" name="runScenario" time="7.385"/>
  <system-out/>
  <testcase classname="TestRunner" name="runScenario" time="22.282"/>
  <system-out/>
  <testcase classname="TestRunner" name="runScenario" time="9.276"/>
  <system-out/>
  <testcase classname="TestRunner" name="runScenario" time="8.624"/>
  <system-out/>
  <testcase classname="TestRunner" name="runScenario" time="6.881"/>
  <system-out/>
  <testcase classname="TestRunner" name="runScenario" time="12.793"/>
  <system-out/>
  <testcase classname="TestRunner" name="runScenario" time="6.426"/>
  <system-out/>
  <testcase classname="TestRunner" name="runScenario" time="7.935"/>
  <system-out/>
  <testcase classname="TestRunner" name="runScenario" time="8.846"/>
  <system-out/>
  <testcase classname="TestRunner" name="runScenario" time="23.269"/>
  <system-out/>
  <testcase classname="TestRunner" name="runScenario" time="7.595"/>
  <system-out/>
  <testcase classname="TestRunner" name="runScenario" time="6.480"/>
  <system-out/>
  <testcase classname="TestRunner" name="runScenario" time="10.616"/>
  <system-out/>
  <testcase classname="TestRunner" name="runScenario" time="6.434"/>
  <system-out/>
  <testcase classname="TestRunner" name="runScenario" time="9.893"/>
  <system-out/>
  <testcase classname="TestRunner" name="runScenario" time="6.272"/>
  <system-out/>
  <testcase classname="TestRunner" name="runScenario" time="6.609"/>
  <system-out/>
  <testcase classname="TestRunner" name="runScenario" time="7.882"/>
  <system-out/>
  <testcase classname="TestRunner" name="runScenario" time="10.816"/>
  <system-out/>
  <testcase classname="TestRunner" name="runScenario" time="6.690"/>
  <system-out/>
  <testcase classname="TestRunner" name="runScenario" time="8.654"/>
  <system-out/>
  <testcase classname="TestRunner" name="runScenario" time="5.937"/>
  <system-out/>
  <testcase classname="TestRunner" name="runScenario" time="5.134"/>
  <system-out/>
  <testcase classname="TestRunner" name="runScenario" time="8.204"/>
  <system-out/>
  <testcase classname="TestRunner" name="runScenario" time="19.047"/>
  <system-out/>
  <testcase classname="TestRunner" name="runScenario" time="8.732"/>
  <system-out/>
  <testcase classname="TestRunner" name="runScenario" time="9.403"/>
  <system-out/>
  <testcase classname="TestRunner" name="runScenario" time="7.564"/>
  <system-out/>
  <testcase classname="TestRunner" name="runScenario" time="6.517"/>
  <system-out/>
  <testcase classname="TestRunner" name="runScenario" time="9.195"/>
  <system-out/>
  <testcase classname="TestRunner" name="runScenario" time="7.847"/>
  <system-out/>
  <testcase classname="TestRunner" name="runScenario" time="9.972"/>
  <system-out/>
</testsuite> <!-- TestRunner -->
