<?xml version="1.0" encoding="UTF-8"?>
<!-- Generated by org.testng.reporters.JUnitReportReporter -->
<testsuite hostname="DESKTOP-8QNP8NE" failures="0" tests="8" name="ContacteTest" time="68.427" errors="0" timestamp="2022-12-17T12:16:06 CET" skipped="0">
  <testcase classname="ContacteTest" name="runScenario" time="6.711"/>
  <system-out/>
  <testcase classname="ContacteTest" name="runScenario" time="7.169"/>
  <system-out/>
  <testcase classname="ContacteTest" name="runScenario" time="7.351"/>
  <system-out/>
  <testcase classname="ContacteTest" name="runScenario" time="7.535"/>
  <system-out/>
  <testcase classname="ContacteTest" name="runScenario" time="6.287"/>
  <system-out/>
  <testcase classname="ContacteTest" name="runScenario" time="14.674"/>
  <system-out/>
  <testcase classname="ContacteTest" name="runScenario" time="12.790"/>
  <system-out/>
  <testcase classname="ContacteTest" name="runScenario" time="5.910"/>
  <system-out/>
</testsuite> <!-- ContacteTest -->
